SF:lib/infrastructure/managers/admin_account.dart
DA:18,0
DA:19,0
DA:20,0
DA:21,0
DA:24,0
DA:25,0
DA:27,0
DA:28,0
DA:29,0
DA:30,0
DA:31,0
DA:32,0
DA:37,0
DA:41,0
DA:42,0
DA:45,0
DA:50,0
DA:51,0
DA:52,0
DA:55,0
DA:56,0
DA:58,0
DA:59,0
DA:62,0
DA:69,0
DA:70,0
DA:71,0
DA:74,0
DA:77,0
DA:81,0
DA:82,0
DA:84,0
DA:87,0
DA:91,0
DA:94,0
DA:95,0
DA:96,0
DA:97,0
DA:100,0
DA:104,0
DA:107,0
DA:108,0
DA:109,0
DA:110,0
DA:113,0
DA:117,0
DA:122,0
DA:127,0
DA:133,0
DA:134,0
DA:135,0
DA:137,0
DA:138,0
DA:139,0
DA:140,0
DA:141,0
DA:145,0
DA:146,0
DA:152,0
DA:153,0
DA:154,0
DA:155,0
LF:62
LH:0
end_of_record
SF:lib/infrastructure/managers/admin_profile.dart
DA:14,0
DA:18,0
DA:19,0
DA:20,0
DA:23,0
DA:26,0
DA:29,0
DA:30,0
DA:33,0
DA:34,0
DA:38,0
DA:44,0
DA:45,0
LF:13
LH:0
end_of_record
SF:lib/infrastructure/endpoints/admin_session.dart
DA:5,2
DA:15,1
DA:20,3
DA:23,2
DA:24,2
DA:26,3
DA:27,4
DA:30,1
DA:32,3
DA:33,5
LF:10
LH:10
end_of_record
SF:lib/infrastructure/endpoints/admin_profile.dart
DA:5,1
DA:13,1
DA:16,2
DA:17,2
DA:20,3
LF:5
LH:5
end_of_record
SF:lib/infrastructure/endpoints/admin_account_management.dart
DA:6,2
DA:14,1
DA:20,3
DA:22,2
DA:23,2
DA:25,3
DA:32,0
DA:34,0
DA:35,0
DA:36,0
DA:39,0
DA:42,1
DA:46,3
DA:47,3
DA:48,2
DA:51,3
DA:53,2
DA:54,2
DA:56,1
DA:59,0
DA:66,0
DA:67,0
DA:68,0
DA:71,0
DA:72,0
DA:74,0
DA:75,0
DA:76,0
DA:80,0
DA:84,0
DA:85,0
DA:86,0
DA:89,0
DA:90,0
DA:92,0
LF:35
LH:14
end_of_record
SF:lib/infrastructure/endpoints/admin_collection_link.dart
DA:5,0
DA:11,0
DA:13,0
DA:15,0
DA:19,0
DA:20,0
DA:23,0
DA:26,0
DA:28,0
DA:29,0
DA:32,0
DA:35,0
DA:40,0
LF:13
LH:0
end_of_record
SF:lib/infrastructure/managers/admin_session.dart
DA:17,0
DA:21,0
DA:22,0
DA:23,0
DA:25,0
DA:26,0
DA:29,0
DA:30,0
DA:31,0
DA:32,0
DA:35,0
DA:42,0
DA:43,0
DA:44,0
DA:47,0
DA:50,0
DA:52,0
DA:53,0
DA:54,0
DA:55,0
DA:61,0
DA:62,0
DA:63,0
DA:64,0
DA:70,0
DA:72,0
DA:73,0
LF:27
LH:0
end_of_record
SF:lib/infrastructure/middlewares/admin_authentication_middleware.dart
DA:4,0
DA:5,0
DA:6,0
DA:7,0
DA:8,0
DA:10,0
DA:11,0
DA:13,0
DA:15,0
DA:18,0
DA:20,0
DA:21,0
DA:22,0
DA:26,0
DA:27,0
DA:30,0
DA:33,0
DA:36,0
LF:18
LH:0
end_of_record
SF:lib/infrastructure/extensions/request_context_extension.dart
DA:7,1
DA:10,1
DA:11,2
DA:14,1
DA:17,0
DA:21,0
DA:24,0
DA:27,0
DA:28,0
DA:31,0
LF:10
LH:4
end_of_record
SF:lib/infrastructure/environments.dart
DA:4,0
DA:5,0
DA:6,0
DA:7,0
DA:8,0
DA:9,0
DA:10,0
LF:7
LH:0
end_of_record
